\BOOKMARK [1][-]{section.1}{Obiettivi}{}% 1
\BOOKMARK [1][-]{section.2}{Descrizione del gioco}{}% 2
\BOOKMARK [2][-]{subsection.2.1}{Client}{section.2}% 3
\BOOKMARK [3][-]{subsubsection.2.1.1}{Login e Registrazione}{subsection.2.1}% 4
\BOOKMARK [3][-]{subsubsection.2.1.2}{Creazione del personaggio}{subsection.2.1}% 5
\BOOKMARK [3][-]{subsubsection.2.1.3}{Interfaccia di gioco}{subsection.2.1}% 6
\BOOKMARK [3][-]{subsubsection.2.1.4}{Scontro tra i giocatori}{subsection.2.1}% 7
\BOOKMARK [2][-]{subsection.2.2}{Server}{section.2}% 8
\BOOKMARK [3][-]{subsubsection.2.2.1}{Struttura}{subsection.2.2}% 9
\BOOKMARK [3][-]{subsubsection.2.2.2}{Dispatcher}{subsection.2.2}% 10
\BOOKMARK [3][-]{subsubsection.2.2.3}{Authentication service}{subsection.2.2}% 11
\BOOKMARK [3][-]{subsubsection.2.2.4}{Database service}{subsection.2.2}% 12
\BOOKMARK [3][-]{subsubsection.2.2.5}{Coreapp service}{subsection.2.2}% 13
\BOOKMARK [1][-]{section.3}{Ptotocolli di rete utilizzati}{}% 14
\BOOKMARK [2][-]{subsection.3.1}{Http}{section.3}% 15
\BOOKMARK [3][-]{subsubsection.3.1.1}{Specifiche dei parametri}{subsection.3.1}% 16
\BOOKMARK [2][-]{subsection.3.2}{Algoritmo crittografico SHA-1}{section.3}% 17
\BOOKMARK [3][-]{subsubsection.3.2.1}{Funzionamento dell'algoritmo}{subsection.3.2}% 18
\BOOKMARK [2][-]{subsection.3.3}{Login}{section.3}% 19
\BOOKMARK [2][-]{subsection.3.4}{Sicurezza delle operazioni}{section.3}% 20
\BOOKMARK [3][-]{subsubsection.3.4.1}{Sicurezza del protocollo Http}{subsection.3.4}% 21
\BOOKMARK [3][-]{subsubsection.3.4.2}{Sicurezza del protocollo di login}{subsection.3.4}% 22
\BOOKMARK [3][-]{subsubsection.3.4.3}{Sicurezza del server}{subsection.3.4}% 23
\BOOKMARK [1][-]{section.4}{Sviluppi futuri e conclusioni}{}% 24
\BOOKMARK [2][-]{subsection.4.1}{Sviluppi futuri}{section.4}% 25
\BOOKMARK [2][-]{subsection.4.2}{Conclusioni}{section.4}% 26
\BOOKMARK [2][-]{subsection.4.3}{Riferimenti esterni}{section.4}% 27
